app/build/outputs/logs/manifest-merger-release-report.txt
-- Merging decision tree log ---
manifest
ADDED from src/main/AndroidManifest.xml:2:1-22:12
	package
		ADDED from src/main/AndroidManifest.xml:3:5-34
		INJECTED from src/main/AndroidManifest.xml
		INJECTED from src/main/AndroidManifest.xml
	android:versionName
		INJECTED from src/main/AndroidManifest.xml
		INJECTED from src/main/AndroidManifest.xml
	xmlns:android
		ADDED from src/main/AndroidManifest.xml:2:11-69
	android:versionCode
		INJECTED from src/main/AndroidManifest.xml
		INJECTED from src/main/AndroidManifest.xml
application
ADDED from src/main/AndroidManifest.xml:5:5-20:19
MERGED from [com.android.support:appcompat-v7:23.1.1] AndroidManifest.xml:22:5-20
MERGED from [com.android.support:support-v4:23.1.1] AndroidManifest.xml:22:5-20
MERGED from [com.android.support:cardview-v7:23.1.1] AndroidManifest.xml:22:5-20
MERGED from [com.o3dr.android:dronekit-android:2.3.11] AndroidManifest.xml:11:5-24:19
	android:label
		ADDED from src/main/AndroidManifest.xml:8:9-41
	android:fullBackupContent
		ADDED from src/main/AndroidManifest.xml:9:9-42
	android:allowBackup
		ADDED from src/main/AndroidManifest.xml:6:9-35
	android:icon
		ADDED from src/main/AndroidManifest.xml:7:9-45
	android:theme
		ADDED from src/main/AndroidManifest.xml:10:9-40
activity#com.o3dr.hellodrone.MainActivity
ADDED from src/main/AndroidManifest.xml:11:9-19:20
	android:label
		ADDED from src/main/AndroidManifest.xml:13:13-45
	android:name
		ADDED from src/main/AndroidManifest.xml:12:13-41
intent-filter#android.intent.action.MAIN+android.intent.category.LAUNCHER
ADDED from src/main/AndroidManifest.xml:14:13-18:29
action#android.intent.action.MAIN
ADDED from src/main/AndroidManifest.xml:15:17-69
	android:name
		ADDED from src/main/AndroidManifest.xml:15:25-66
category#android.intent.category.LAUNCHER
ADDED from src/main/AndroidManifest.xml:17:17-77
	android:name
		ADDED from src/main/AndroidManifest.xml:17:27-74
uses-sdk
INJECTED from src/main/AndroidManifest.xml reason: use-sdk injection requested
MERGED from [com.android.support:appcompat-v7:23.1.1] AndroidManifest.xml:20:5-43
MERGED from [com.android.support:support-v4:23.1.1] AndroidManifest.xml:20:5-43
MERGED from [com.android.support:cardview-v7:23.1.1] AndroidManifest.xml:20:5-43
MERGED from [com.o3dr.android:dronekit-android:2.3.11] AndroidManifest.xml:7:5-9:41
	android:targetSdkVersion
		INJECTED from src/main/AndroidManifest.xml
		INJECTED from src/main/AndroidManifest.xml
	android:minSdkVersion
		INJECTED from src/main/AndroidManifest.xml
		INJECTED from src/main/AndroidManifest.xml
activity#com.o3dr.android.client.utils.InstallServiceDialog
ADDED from [com.o3dr.android:dronekit-android:2.3.11] AndroidManifest.xml:12:9-17:91
	android:excludeFromRecents
		ADDED from [com.o3dr.android:dronekit-android:2.3.11] AndroidManifest.xml:14:13-46
	android:launchMode
		ADDED from [com.o3dr.android:dronekit-android:2.3.11] AndroidManifest.xml:15:13-44
	android:noHistory
		ADDED from [com.o3dr.android:dronekit-android:2.3.11] AndroidManifest.xml:16:13-37
	android:theme
		ADDED from [com.o3dr.android:dronekit-android:2.3.11] AndroidManifest.xml:17:13-88
	android:name
		ADDED from [com.o3dr.android:dronekit-android:2.3.11] AndroidManifest.xml:13:13-78
activity#com.o3dr.android.client.utils.UpdateServiceDialog
ADDED from [com.o3dr.android:dronekit-android:2.3.11] AndroidManifest.xml:18:9-23:91
	android:excludeFromRecents
		ADDED from [com.o3dr.android:dronekit-android:2.3.11] AndroidManifest.xml:20:13-46
	android:launchMode
		ADDED from [com.o3dr.android:dronekit-android:2.3.11] AndroidManifest.xml:21:13-44
	android:noHistory
		ADDED from [com.o3dr.android:dronekit-android:2.3.11] AndroidManifest.xml:22:13-37
	android:theme
		ADDED from [com.o3dr.android:dronekit-android:2.3.11] AndroidManifest.xml:23:13-88
	android:name
		ADDED from [com.o3dr.android:dronekit-android:2.3.11] AndroidManifest.xml:19:13-77